<?xml version="1.0" encoding="UTF-8"?>
<!-- Generated by org.testng.reporters.JUnitReportReporter -->
<testsuite hostname="LAPTOP-P6AA0EJQ" failures="0" tests="3" name="test.AddCategoryTest" time="40.618" errors="0" timestamp="05 Nov 2022 06:00:51 GMT" skipped="0">
  <testcase classname="test.AddCategoryTest" name="userShouldBeAbleToAddCategory" time="13.792"/>
  <testcase classname="test.AddCategoryTest" name="userShouldNotBeAbleToAddDuplicate" time="23.727"/>
  <testcase classname="test.AddCategoryTest" name="dropDownShouldHaveAllMonths" time="3.099"/>
</testsuite> <!-- test.AddCategoryTest -->
